spglib: No point group was found (line 405, /project/src/pointgroup.c).
spglib: Attempt 0 tolerance = 1.000000e-02 failed(line 800, /project/src/spacegroup.c).
spglib: No point group was found (line 405, /project/src/pointgroup.c).
spglib: Attempt 1 tolerance = 9.500000e-03 failed(line 800, /project/src/spacegroup.c).
spglib: No point group was found (line 405, /project/src/pointgroup.c).
spglib: Attempt 2 tolerance = 9.025000e-03 failed(line 800, /project/src/spacegroup.c).
spglib: No point group was found (line 405, /project/src/pointgroup.c).
spglib: Attempt 3 tolerance = 8.573750e-03 failed(line 800, /project/src/spacegroup.c).
spglib: No point group was found (line 405, /project/src/pointgroup.c).
spglib: Attempt 0 tolerance = 1.000000e-02 failed(line 800, /project/src/spacegroup.c).
spglib: No point group was found (line 405, /project/src/pointgroup.c).
spglib: Attempt 1 tolerance = 9.500000e-03 failed(line 800, /project/src/spacegroup.c).
spglib: No point group was found (line 405, /project/src/pointgroup.c).
spglib: Attempt 2 tolerance = 9.025000e-03 failed(line 800, /project/src/spacegroup.c).
spglib: No point group was found (line 405, /project/src/pointgroup.c).
spglib: Attempt 3 tolerance = 8.573750e-03 failed(line 800, /project/src/spacegroup.c).
spglib: No point group was found (line 405, /project/src/pointgroup.c).
spglib: Attempt 4 tolerance = 8.145062e-03 failed(line 800, /project/src/spacegroup.c).
spglib: No point group was found (line 405, /project/src/pointgroup.c).
spglib: Attempt 5 tolerance = 7.737809e-03 failed(line 800, /project/src/spacegroup.c).
spglib: No point group was found (line 405, /project/src/pointgroup.c).
spglib: Attempt 6 tolerance = 7.350919e-03 failed(line 800, /project/src/spacegroup.c).
spglib: No point group was found (line 405, /project/src/pointgroup.c).
spglib: Attempt 7 tolerance = 6.983373e-03 failed(line 800, /project/src/spacegroup.c).
spglib: No point group was found (line 405, /project/src/pointgroup.c).
spglib: Attempt 8 tolerance = 6.634204e-03 failed(line 800, /project/src/spacegroup.c).
spglib: No point group was found (line 405, /project/src/pointgroup.c).
spglib: Attempt 9 tolerance = 6.302494e-03 failed(line 800, /project/src/spacegroup.c).
spglib: No point group was found (line 405, /project/src/pointgroup.c).
spglib: Attempt 10 tolerance = 5.987369e-03 failed(line 800, /project/src/spacegroup.c).
spglib: ssm_get_exact_positions failed (attempt=0). (line 115, /project/src/site_symmetry.c).
spglib: ssm_get_exact_positions failed (attempt=1). (line 115, /project/src/site_symmetry.c).
spglib: No point group was found (line 405, /project/src/pointgroup.c).
spglib: Attempt 0 tolerance = 1.000000e-02 failed(line 800, /project/src/spacegroup.c).
spglib: No point group was found (line 405, /project/src/pointgroup.c).
spglib: Attempt 1 tolerance = 9.500000e-03 failed(line 800, /project/src/spacegroup.c).
spglib: No point group was found (line 405, /project/src/pointgroup.c).
spglib: Attempt 2 tolerance = 9.025000e-03 failed(line 800, /project/src/spacegroup.c).
spglib: No point group was found (line 405, /project/src/pointgroup.c).
spglib: Attempt 0 tolerance = 1.000000e-02 failed(line 800, /project/src/spacegroup.c).
spglib: No point group was found (line 405, /project/src/pointgroup.c).
spglib: Attempt 0 tolerance = 1.000000e-02 failed(line 800, /project/src/spacegroup.c).
spglib: No point group was found (line 405, /project/src/pointgroup.c).
spglib: Attempt 1 tolerance = 9.500000e-03 failed(line 800, /project/src/spacegroup.c).
spglib: No point group was found (line 405, /project/src/pointgroup.c).
spglib: Attempt 2 tolerance = 9.025000e-03 failed(line 800, /project/src/spacegroup.c).
spglib: No point group was found (line 405, /project/src/pointgroup.c).
spglib: Attempt 3 tolerance = 8.573750e-03 failed(line 800, /project/src/spacegroup.c).
spglib: No point group was found (line 405, /project/src/pointgroup.c).
spglib: Attempt 4 tolerance = 8.145062e-03 failed(line 800, /project/src/spacegroup.c).
spglib: No point group was found (line 405, /project/src/pointgroup.c).
spglib: Attempt 5 tolerance = 7.737809e-03 failed(line 800, /project/src/spacegroup.c).
spglib: No point group was found (line 405, /project/src/pointgroup.c).
spglib: Attempt 6 tolerance = 7.350919e-03 failed(line 800, /project/src/spacegroup.c).
spglib: No point group was found (line 405, /project/src/pointgroup.c).
spglib: Attempt 7 tolerance = 6.983373e-03 failed(line 800, /project/src/spacegroup.c).
spglib: No point group was found (line 405, /project/src/pointgroup.c).
spglib: Attempt 8 tolerance = 6.634204e-03 failed(line 800, /project/src/spacegroup.c).
spglib: No point group was found (line 405, /project/src/pointgroup.c).
spglib: Attempt 9 tolerance = 6.302494e-03 failed(line 800, /project/src/spacegroup.c).
spglib: No point group was found (line 405, /project/src/pointgroup.c).
spglib: Attempt 10 tolerance = 5.987369e-03 failed(line 800, /project/src/spacegroup.c).
spglib: No point group was found (line 405, /project/src/pointgroup.c).
spglib: Attempt 11 tolerance = 5.688001e-03 failed(line 800, /project/src/spacegroup.c).
spglib: No point group was found (line 405, /project/src/pointgroup.c).
spglib: Attempt 12 tolerance = 5.403601e-03 failed(line 800, /project/src/spacegroup.c).
spglib: No point group was found (line 405, /project/src/pointgroup.c).
spglib: Attempt 13 tolerance = 5.133421e-03 failed(line 800, /project/src/spacegroup.c).
spglib: No point group was found (line 405, /project/src/pointgroup.c).
spglib: Attempt 14 tolerance = 4.876750e-03 failed(line 800, /project/src/spacegroup.c).
spglib: No point group was found (line 405, /project/src/pointgroup.c).
spglib: Attempt 15 tolerance = 4.632912e-03 failed(line 800, /project/src/spacegroup.c).
spglib: No point group was found (line 405, /project/src/pointgroup.c).
spglib: Attempt 16 tolerance = 4.401267e-03 failed(line 800, /project/src/spacegroup.c).
spglib: No point group was found (line 405, /project/src/pointgroup.c).
spglib: Attempt 17 tolerance = 4.181203e-03 failed(line 800, /project/src/spacegroup.c).
spglib: No point group was found (line 405, /project/src/pointgroup.c).
spglib: Attempt 18 tolerance = 3.972143e-03 failed(line 800, /project/src/spacegroup.c).
spglib: No point group was found (line 405, /project/src/pointgroup.c).
spglib: Attempt 19 tolerance = 3.773536e-03 failed(line 800, /project/src/spacegroup.c).
spglib: No point group was found (line 405, /project/src/pointgroup.c).
spglib: Attempt 20 tolerance = 3.584859e-03 failed(line 800, /project/src/spacegroup.c).
spglib: No point group was found (line 405, /project/src/pointgroup.c).
spglib: Attempt 21 tolerance = 3.405616e-03 failed(line 800, /project/src/spacegroup.c).
spglib: No point group was found (line 405, /project/src/pointgroup.c).
spglib: Attempt 22 tolerance = 3.235335e-03 failed(line 800, /project/src/spacegroup.c).
spglib: No point group was found (line 405, /project/src/pointgroup.c).
spglib: Attempt 23 tolerance = 3.073569e-03 failed(line 800, /project/src/spacegroup.c).
spglib: No point group was found (line 405, /project/src/pointgroup.c).
spglib: Attempt 24 tolerance = 2.919890e-03 failed(line 800, /project/src/spacegroup.c).
spglib: Too many lattice symmetries was found.
        Reduce angle tolerance to 4.750000
        (line 990, /project/src/symmetry.c).
spglib: Too many lattice symmetries was found.
        Reduce angle tolerance to 4.512500
        (line 990, /project/src/symmetry.c).
spglib: Too many lattice symmetries was found.
        Reduce angle tolerance to 4.286875
        (line 990, /project/src/symmetry.c).
spglib: Too many lattice symmetries was found.
        Reduce angle tolerance to 4.072531
        (line 990, /project/src/symmetry.c).
spglib: Too many lattice symmetries was found.
        Reduce angle tolerance to 3.868905
        (line 990, /project/src/symmetry.c).
spglib: No point group was found (line 405, /project/src/pointgroup.c).
spglib: Attempt 0 tolerance = 1.000000e-02 failed(line 800, /project/src/spacegroup.c).
spglib: No point group was found (line 405, /project/src/pointgroup.c).
spglib: Attempt 1 tolerance = 9.500000e-03 failed(line 800, /project/src/spacegroup.c).
spglib: No point group was found (line 405, /project/src/pointgroup.c).
spglib: Attempt 2 tolerance = 9.025000e-03 failed(line 800, /project/src/spacegroup.c).
spglib: No point group was found (line 405, /project/src/pointgroup.c).
spglib: Attempt 0 tolerance = 1.000000e-02 failed(line 800, /project/src/spacegroup.c).
spglib: No point group was found (line 405, /project/src/pointgroup.c).
spglib: Attempt 1 tolerance = 9.500000e-03 failed(line 800, /project/src/spacegroup.c).
spglib: No point group was found (line 405, /project/src/pointgroup.c).
spglib: Attempt 2 tolerance = 9.025000e-03 failed(line 800, /project/src/spacegroup.c).
spglib: No point group was found (line 405, /project/src/pointgroup.c).
spglib: Attempt 3 tolerance = 8.573750e-03 failed(line 800, /project/src/spacegroup.c).
spglib: No point group was found (line 405, /project/src/pointgroup.c).
spglib: Attempt 4 tolerance = 8.145062e-03 failed(line 800, /project/src/spacegroup.c).
spglib: No point group was found (line 405, /project/src/pointgroup.c).
spglib: Attempt 0 tolerance = 1.000000e-02 failed(line 800, /project/src/spacegroup.c).
spglib: No point group was found (line 405, /project/src/pointgroup.c).
spglib: Attempt 1 tolerance = 9.500000e-03 failed(line 800, /project/src/spacegroup.c).
spglib: No point group was found (line 405, /project/src/pointgroup.c).
spglib: Attempt 2 tolerance = 9.025000e-03 failed(line 800, /project/src/spacegroup.c).
spglib: Too many lattice symmetries was found.
        Reduce angle tolerance to 4.750000
        (line 990, /project/src/symmetry.c).
spglib: Too many lattice symmetries was found.
        Reduce angle tolerance to 4.512500
        (line 990, /project/src/symmetry.c).
spglib: Too many lattice symmetries was found.
        Reduce angle tolerance to 4.286875
        (line 990, /project/src/symmetry.c).
spglib: Too many lattice symmetries was found.
        Reduce angle tolerance to 4.072531
        (line 990, /project/src/symmetry.c).
spglib: Too many lattice symmetries was found.
        Reduce angle tolerance to 3.868905
        (line 990, /project/src/symmetry.c).
spglib: Too many lattice symmetries was found.
        Reduce angle tolerance to 3.675459
        (line 990, /project/src/symmetry.c).
spglib: Too many lattice symmetries was found.
        Reduce angle tolerance to 3.491686
        (line 990, /project/src/symmetry.c).
spglib: Too many lattice symmetries was found.
        Reduce angle tolerance to 3.317102
        (line 990, /project/src/symmetry.c).
spglib: Too many lattice symmetries was found.
        Reduce angle tolerance to 3.151247
        (line 990, /project/src/symmetry.c).
spglib: Too many lattice symmetries was found.
        Reduce angle tolerance to 2.993685
        (line 990, /project/src/symmetry.c).
spglib: Too many lattice symmetries was found.
        Reduce angle tolerance to 2.844000
        (line 990, /project/src/symmetry.c).
spglib: Too many lattice symmetries was found.
        Reduce angle tolerance to 2.701800
        (line 990, /project/src/symmetry.c).
spglib: Too many lattice symmetries was found.
        Reduce angle tolerance to 2.566710
        (line 990, /project/src/symmetry.c).
spglib: Too many lattice symmetries was found.
        Reduce angle tolerance to 2.438375
        (line 990, /project/src/symmetry.c).
spglib: No point group was found (line 405, /project/src/pointgroup.c).
spglib: Attempt 0 tolerance = 1.000000e-02 failed(line 800, /project/src/spacegroup.c).
spglib: No point group was found (line 405, /project/src/pointgroup.c).
spglib: Attempt 1 tolerance = 9.500000e-03 failed(line 800, /project/src/spacegroup.c).
spglib: No point group was found (line 405, /project/src/pointgroup.c).
spglib: Attempt 2 tolerance = 9.025000e-03 failed(line 800, /project/src/spacegroup.c).
spglib: No point group was found (line 405, /project/src/pointgroup.c).
spglib: Attempt 3 tolerance = 8.573750e-03 failed(line 800, /project/src/spacegroup.c).
spglib: No point group was found (line 405, /project/src/pointgroup.c).
spglib: Attempt 4 tolerance = 8.145062e-03 failed(line 800, /project/src/spacegroup.c).
spglib: No point group was found (line 405, /project/src/pointgroup.c).
spglib: Attempt 5 tolerance = 7.737809e-03 failed(line 800, /project/src/spacegroup.c).
spglib: No point group was found (line 405, /project/src/pointgroup.c).
spglib: Attempt 6 tolerance = 7.350919e-03 failed(line 800, /project/src/spacegroup.c).
spglib: No point group was found (line 405, /project/src/pointgroup.c).
spglib: Attempt 7 tolerance = 6.983373e-03 failed(line 800, /project/src/spacegroup.c).
spglib: No point group was found (line 405, /project/src/pointgroup.c).
spglib: Attempt 8 tolerance = 6.634204e-03 failed(line 800, /project/src/spacegroup.c).
spglib: No point group was found (line 405, /project/src/pointgroup.c).
spglib: Attempt 9 tolerance = 6.302494e-03 failed(line 800, /project/src/spacegroup.c).
spglib: Too many lattice symmetries was found.
        Reduce angle tolerance to 4.750000
        (line 990, /project/src/symmetry.c).
spglib: Too many lattice symmetries was found.
        Reduce angle tolerance to 4.512500
        (line 990, /project/src/symmetry.c).
spglib: Too many lattice symmetries was found.
        Reduce angle tolerance to 4.286875
        (line 990, /project/src/symmetry.c).
spglib: Too many lattice symmetries was found.
        Reduce angle tolerance to 4.072531
        (line 990, /project/src/symmetry.c).
spglib: Too many lattice symmetries was found.
        Reduce angle tolerance to 3.868905
        (line 990, /project/src/symmetry.c).
spglib: No point group was found (line 405, /project/src/pointgroup.c).
spglib: Attempt 0 tolerance = 1.000000e-02 failed(line 800, /project/src/spacegroup.c).
spglib: Attempt 0 tolerance = 1.000000e-02 failed(line 800, /project/src/spacegroup.c).
spglib: Attempt 1 tolerance = 9.500000e-03 failed(line 800, /project/src/spacegroup.c).
spglib: Attempt 2 tolerance = 9.025000e-03 failed(line 800, /project/src/spacegroup.c).
spglib: No point group was found (line 405, /project/src/pointgroup.c).
spglib: Attempt 0 tolerance = 1.000000e-02 failed(line 800, /project/src/spacegroup.c).
spglib: No point group was found (line 405, /project/src/pointgroup.c).
spglib: Attempt 1 tolerance = 9.500000e-03 failed(line 800, /project/src/spacegroup.c).
spglib: No point group was found (line 405, /project/src/pointgroup.c).
spglib: Attempt 2 tolerance = 9.025000e-03 failed(line 800, /project/src/spacegroup.c).
spglib: No point group was found (line 405, /project/src/pointgroup.c).
spglib: Attempt 3 tolerance = 8.573750e-03 failed(line 800, /project/src/spacegroup.c).
spglib: No point group was found (line 405, /project/src/pointgroup.c).
spglib: Attempt 4 tolerance = 8.145062e-03 failed(line 800, /project/src/spacegroup.c).
spglib: No point group was found (line 405, /project/src/pointgroup.c).
spglib: Attempt 5 tolerance = 7.737809e-03 failed(line 800, /project/src/spacegroup.c).
spglib: No point group was found (line 405, /project/src/pointgroup.c).
spglib: Attempt 6 tolerance = 7.350919e-03 failed(line 800, /project/src/spacegroup.c).
spglib: No point group was found (line 405, /project/src/pointgroup.c).
spglib: Attempt 7 tolerance = 6.983373e-03 failed(line 800, /project/src/spacegroup.c).
spglib: No point group was found (line 405, /project/src/pointgroup.c).
spglib: Attempt 8 tolerance = 6.634204e-03 failed(line 800, /project/src/spacegroup.c).
spglib: No point group was found (line 405, /project/src/pointgroup.c).
spglib: Attempt 9 tolerance = 6.302494e-03 failed(line 800, /project/src/spacegroup.c).
spglib: No point group was found (line 405, /project/src/pointgroup.c).
spglib: Attempt 10 tolerance = 5.987369e-03 failed(line 800, /project/src/spacegroup.c).
spglib: No point group was found (line 405, /project/src/pointgroup.c).
spglib: Attempt 11 tolerance = 5.688001e-03 failed(line 800, /project/src/spacegroup.c).
spglib: No point group was found (line 405, /project/src/pointgroup.c).
spglib: Attempt 12 tolerance = 5.403601e-03 failed(line 800, /project/src/spacegroup.c).
spglib: No point group was found (line 405, /project/src/pointgroup.c).
spglib: Attempt 13 tolerance = 5.133421e-03 failed(line 800, /project/src/spacegroup.c).
spglib: No point group was found (line 405, /project/src/pointgroup.c).
spglib: Attempt 14 tolerance = 4.876750e-03 failed(line 800, /project/src/spacegroup.c).
spglib: No point group was found (line 405, /project/src/pointgroup.c).
spglib: Attempt 15 tolerance = 4.632912e-03 failed(line 800, /project/src/spacegroup.c).
spglib: No point group was found (line 405, /project/src/pointgroup.c).
spglib: Attempt 16 tolerance = 4.401267e-03 failed(line 800, /project/src/spacegroup.c).
spglib: No point group was found (line 405, /project/src/pointgroup.c).
spglib: Attempt 17 tolerance = 4.181203e-03 failed(line 800, /project/src/spacegroup.c).
spglib: No point group was found (line 405, /project/src/pointgroup.c).
spglib: Attempt 0 tolerance = 1.000000e-02 failed(line 800, /project/src/spacegroup.c).
spglib: No point group was found (line 405, /project/src/pointgroup.c).
spglib: Attempt 1 tolerance = 9.500000e-03 failed(line 800, /project/src/spacegroup.c).
spglib: No point group was found (line 405, /project/src/pointgroup.c).
spglib: Attempt 0 tolerance = 1.000000e-02 failed(line 800, /project/src/spacegroup.c).
spglib: No point group was found (line 405, /project/src/pointgroup.c).
spglib: Attempt 1 tolerance = 9.500000e-03 failed(line 800, /project/src/spacegroup.c).
spglib: Attempt 0 tolerance = 1.000000e-02 failed(line 800, /project/src/spacegroup.c).
spglib: Attempt 1 tolerance = 9.500000e-03 failed(line 800, /project/src/spacegroup.c).
spglib: Attempt 2 tolerance = 9.025000e-03 failed(line 800, /project/src/spacegroup.c).
spglib: Attempt 3 tolerance = 8.573750e-03 failed(line 800, /project/src/spacegroup.c).
spglib: Attempt 4 tolerance = 8.145062e-03 failed(line 800, /project/src/spacegroup.c).
spglib: Attempt 5 tolerance = 7.737809e-03 failed(line 800, /project/src/spacegroup.c).
spglib: Attempt 6 tolerance = 7.350919e-03 failed(line 800, /project/src/spacegroup.c).
spglib: Attempt 7 tolerance = 6.983373e-03 failed(line 800, /project/src/spacegroup.c).
spglib: Attempt 8 tolerance = 6.634204e-03 failed(line 800, /project/src/spacegroup.c).
spglib: Attempt 9 tolerance = 6.302494e-03 failed(line 800, /project/src/spacegroup.c).
spglib: Attempt 10 tolerance = 5.987369e-03 failed(line 800, /project/src/spacegroup.c).
spglib: Attempt 11 tolerance = 5.688001e-03 failed(line 800, /project/src/spacegroup.c).
spglib: Attempt 12 tolerance = 5.403601e-03 failed(line 800, /project/src/spacegroup.c).
spglib: Attempt 13 tolerance = 5.133421e-03 failed(line 800, /project/src/spacegroup.c).
spglib: Attempt 14 tolerance = 4.876750e-03 failed(line 800, /project/src/spacegroup.c).
spglib: No point group was found (line 405, /project/src/pointgroup.c).
spglib: Attempt 0 tolerance = 1.000000e-02 failed(line 800, /project/src/spacegroup.c).
spglib: No point group was found (line 405, /project/src/pointgroup.c).
spglib: Attempt 1 tolerance = 9.500000e-03 failed(line 800, /project/src/spacegroup.c).
spglib: No point group was found (line 405, /project/src/pointgroup.c).
spglib: Attempt 0 tolerance = 1.000000e-02 failed(line 800, /project/src/spacegroup.c).
spglib: No point group was found (line 405, /project/src/pointgroup.c).
spglib: Attempt 0 tolerance = 1.000000e-02 failed(line 800, /project/src/spacegroup.c).
spglib: No point group was found (line 405, /project/src/pointgroup.c).
spglib: Attempt 1 tolerance = 9.500000e-03 failed(line 800, /project/src/spacegroup.c).
spglib: No point group was found (line 405, /project/src/pointgroup.c).
spglib: Attempt 2 tolerance = 9.025000e-03 failed(line 800, /project/src/spacegroup.c).
spglib: No point group was found (line 405, /project/src/pointgroup.c).
spglib: Attempt 0 tolerance = 1.000000e-02 failed(line 800, /project/src/spacegroup.c).
spglib: No point group was found (line 405, /project/src/pointgroup.c).
spglib: Attempt 1 tolerance = 9.500000e-03 failed(line 800, /project/src/spacegroup.c).
spglib: No point group was found (line 405, /project/src/pointgroup.c).
spglib: Attempt 2 tolerance = 9.025000e-03 failed(line 800, /project/src/spacegroup.c).
spglib: No point group was found (line 405, /project/src/pointgroup.c).
spglib: Attempt 3 tolerance = 8.573750e-03 failed(line 800, /project/src/spacegroup.c).
spglib: No point group was found (line 405, /project/src/pointgroup.c).
spglib: Attempt 4 tolerance = 8.145062e-03 failed(line 800, /project/src/spacegroup.c).
spglib: No point group was found (line 405, /project/src/pointgroup.c).
spglib: Attempt 5 tolerance = 7.737809e-03 failed(line 800, /project/src/spacegroup.c).
spglib: No point group was found (line 405, /project/src/pointgroup.c).
spglib: Attempt 6 tolerance = 7.350919e-03 failed(line 800, /project/src/spacegroup.c).
spglib: No point group was found (line 405, /project/src/pointgroup.c).
spglib: Attempt 7 tolerance = 6.983373e-03 failed(line 800, /project/src/spacegroup.c).
spglib: No point group was found (line 405, /project/src/pointgroup.c).
spglib: Attempt 0 tolerance = 1.000000e-02 failed(line 800, /project/src/spacegroup.c).
spglib: No point group was found (line 405, /project/src/pointgroup.c).
spglib: Attempt 1 tolerance = 9.500000e-03 failed(line 800, /project/src/spacegroup.c).
spglib: No point group was found (line 405, /project/src/pointgroup.c).
spglib: Attempt 2 tolerance = 9.025000e-03 failed(line 800, /project/src/spacegroup.c).
spglib: No point group was found (line 405, /project/src/pointgroup.c).
spglib: Attempt 3 tolerance = 8.573750e-03 failed(line 800, /project/src/spacegroup.c).
spglib: No point group was found (line 405, /project/src/pointgroup.c).
spglib: Attempt 4 tolerance = 8.145062e-03 failed(line 800, /project/src/spacegroup.c).
spglib: No point group was found (line 405, /project/src/pointgroup.c).
spglib: Attempt 5 tolerance = 7.737809e-03 failed(line 800, /project/src/spacegroup.c).
spglib: No point group was found (line 405, /project/src/pointgroup.c).
spglib: Attempt 6 tolerance = 7.350919e-03 failed(line 800, /project/src/spacegroup.c).
spglib: ssm_get_exact_positions failed (attempt=0). (line 115, /project/src/site_symmetry.c).
spglib: No point group was found (line 405, /project/src/pointgroup.c).
spglib: Attempt 0 tolerance = 1.000000e-02 failed(line 800, /project/src/spacegroup.c).
spglib: No point group was found (line 405, /project/src/pointgroup.c).
spglib: Attempt 0 tolerance = 1.000000e-02 failed(line 800, /project/src/spacegroup.c).
spglib: No point group was found (line 405, /project/src/pointgroup.c).
spglib: Attempt 0 tolerance = 1.000000e-02 failed(line 800, /project/src/spacegroup.c).
spglib: No point group was found (line 405, /project/src/pointgroup.c).
spglib: Attempt 1 tolerance = 9.500000e-03 failed(line 800, /project/src/spacegroup.c).
spglib: No point group was found (line 405, /project/src/pointgroup.c).
spglib: Attempt 0 tolerance = 1.000000e-02 failed(line 800, /project/src/spacegroup.c).
spglib: No point group was found (line 405, /project/src/pointgroup.c).
spglib: Attempt 1 tolerance = 9.500000e-03 failed(line 800, /project/src/spacegroup.c).
spglib: No point group was found (line 405, /project/src/pointgroup.c).
spglib: Attempt 2 tolerance = 9.025000e-03 failed(line 800, /project/src/spacegroup.c).
spglib: No point group was found (line 405, /project/src/pointgroup.c).
spglib: Attempt 3 tolerance = 8.573750e-03 failed(line 800, /project/src/spacegroup.c).
spglib: No point group was found (line 405, /project/src/pointgroup.c).
spglib: Attempt 4 tolerance = 8.145062e-03 failed(line 800, /project/src/spacegroup.c).
spglib: No point group was found (line 405, /project/src/pointgroup.c).
spglib: Attempt 5 tolerance = 7.737809e-03 failed(line 800, /project/src/spacegroup.c).
spglib: No point group was found (line 405, /project/src/pointgroup.c).
spglib: Attempt 0 tolerance = 1.000000e-02 failed(line 800, /project/src/spacegroup.c).
spglib: No point group was found (line 405, /project/src/pointgroup.c).
spglib: Attempt 0 tolerance = 1.000000e-02 failed(line 800, /project/src/spacegroup.c).
spglib: No point group was found (line 405, /project/src/pointgroup.c).
spglib: Attempt 1 tolerance = 9.500000e-03 failed(line 800, /project/src/spacegroup.c).
spglib: No point group was found (line 405, /project/src/pointgroup.c).
spglib: Attempt 2 tolerance = 9.025000e-03 failed(line 800, /project/src/spacegroup.c).
spglib: No point group was found (line 405, /project/src/pointgroup.c).
spglib: Attempt 0 tolerance = 1.000000e-02 failed(line 800, /project/src/spacegroup.c).
spglib: No point group was found (line 405, /project/src/pointgroup.c).
spglib: Attempt 1 tolerance = 9.500000e-03 failed(line 800, /project/src/spacegroup.c).
spglib: Attempt 0 tolerance = 1.000000e-02 failed(line 800, /project/src/spacegroup.c).
spglib: Attempt 1 tolerance = 9.500000e-03 failed(line 800, /project/src/spacegroup.c).
spglib: Attempt 2 tolerance = 9.025000e-03 failed(line 800, /project/src/spacegroup.c).
spglib: Attempt 3 tolerance = 8.573750e-03 failed(line 800, /project/src/spacegroup.c).
spglib: Attempt 4 tolerance = 8.145062e-03 failed(line 800, /project/src/spacegroup.c).
spglib: Attempt 5 tolerance = 7.737809e-03 failed(line 800, /project/src/spacegroup.c).
spglib: Attempt 6 tolerance = 7.350919e-03 failed(line 800, /project/src/spacegroup.c).
spglib: Attempt 7 tolerance = 6.983373e-03 failed(line 800, /project/src/spacegroup.c).
spglib: No point group was found (line 405, /project/src/pointgroup.c).
spglib: Attempt 0 tolerance = 1.000000e-02 failed(line 800, /project/src/spacegroup.c).
spglib: No point group was found (line 405, /project/src/pointgroup.c).
spglib: Attempt 1 tolerance = 9.500000e-03 failed(line 800, /project/src/spacegroup.c).
spglib: No point group was found (line 405, /project/src/pointgroup.c).
spglib: Attempt 2 tolerance = 9.025000e-03 failed(line 800, /project/src/spacegroup.c).
spglib: No point group was found (line 405, /project/src/pointgroup.c).
spglib: Attempt 3 tolerance = 8.573750e-03 failed(line 800, /project/src/spacegroup.c).
spglib: No point group was found (line 405, /project/src/pointgroup.c).
spglib: Attempt 4 tolerance = 8.145062e-03 failed(line 800, /project/src/spacegroup.c).
spglib: No point group was found (line 405, /project/src/pointgroup.c).
spglib: Attempt 5 tolerance = 7.737809e-03 failed(line 800, /project/src/spacegroup.c).
spglib: No point group was found (line 405, /project/src/pointgroup.c).
spglib: Attempt 6 tolerance = 7.350919e-03 failed(line 800, /project/src/spacegroup.c).
spglib: No point group was found (line 405, /project/src/pointgroup.c).
spglib: Attempt 7 tolerance = 6.983373e-03 failed(line 800, /project/src/spacegroup.c).
spglib: No point group was found (line 405, /project/src/pointgroup.c).
spglib: Attempt 8 tolerance = 6.634204e-03 failed(line 800, /project/src/spacegroup.c).
spglib: No point group was found (line 405, /project/src/pointgroup.c).
spglib: Attempt 9 tolerance = 6.302494e-03 failed(line 800, /project/src/spacegroup.c).
spglib: No point group was found (line 405, /project/src/pointgroup.c).
spglib: Attempt 10 tolerance = 5.987369e-03 failed(line 800, /project/src/spacegroup.c).
spglib: No point group was found (line 405, /project/src/pointgroup.c).
spglib: Attempt 11 tolerance = 5.688001e-03 failed(line 800, /project/src/spacegroup.c).
spglib: No point group was found (line 405, /project/src/pointgroup.c).
spglib: Attempt 12 tolerance = 5.403601e-03 failed(line 800, /project/src/spacegroup.c).
spglib: No point group was found (line 405, /project/src/pointgroup.c).
spglib: Attempt 13 tolerance = 5.133421e-03 failed(line 800, /project/src/spacegroup.c).
spglib: No point group was found (line 405, /project/src/pointgroup.c).
spglib: Attempt 14 tolerance = 4.876750e-03 failed(line 800, /project/src/spacegroup.c).
spglib: No point group was found (line 405, /project/src/pointgroup.c).
spglib: Attempt 15 tolerance = 4.632912e-03 failed(line 800, /project/src/spacegroup.c).
spglib: Too many lattice symmetries was found.
        Reduce angle tolerance to 4.750000
        (line 990, /project/src/symmetry.c).
spglib: Too many lattice symmetries was found.
        Reduce angle tolerance to 4.512500
        (line 990, /project/src/symmetry.c).
spglib: Too many lattice symmetries was found.
        Reduce angle tolerance to 4.286875
        (line 990, /project/src/symmetry.c).
spglib: Too many lattice symmetries was found.
        Reduce angle tolerance to 4.072531
        (line 990, /project/src/symmetry.c).
spglib: Too many lattice symmetries was found.
        Reduce angle tolerance to 3.868905
        (line 990, /project/src/symmetry.c).
spglib: ssm_get_exact_positions failed (attempt=0). (line 115, /project/src/site_symmetry.c).
spglib: ssm_get_exact_positions failed (attempt=1). (line 115, /project/src/site_symmetry.c).
spglib: ssm_get_exact_positions failed (attempt=0). (line 115, /project/src/site_symmetry.c).
spglib: ssm_get_exact_positions failed (attempt=1). (line 115, /project/src/site_symmetry.c).
spglib: ssm_get_exact_positions failed (attempt=2). (line 115, /project/src/site_symmetry.c).
spglib: ssm_get_exact_positions failed (attempt=3). (line 115, /project/src/site_symmetry.c).
spglib: ssm_get_exact_positions failed (attempt=4). (line 115, /project/src/site_symmetry.c).
spglib: ssm_get_exact_positions failed. (line 479, /project/src/refinement.c).
spglib: get_bravais_exact_positions_and_lattice failed. (line 336, /project/src/refinement.c).
spglib: ref_get_exact_structure_and_symmetry failed. (line 82, /project/src/determination.c).
spglib: ssm_get_exact_positions failed (attempt=0). (line 115, /project/src/site_symmetry.c).
spglib: ssm_get_exact_positions failed (attempt=1). (line 115, /project/src/site_symmetry.c).
spglib: ssm_get_exact_positions failed (attempt=2). (line 115, /project/src/site_symmetry.c).
spglib: ssm_get_exact_positions failed (attempt=3). (line 115, /project/src/site_symmetry.c).
spglib: ssm_get_exact_positions failed (attempt=4). (line 115, /project/src/site_symmetry.c).
spglib: ssm_get_exact_positions failed. (line 479, /project/src/refinement.c).
spglib: get_bravais_exact_positions_and_lattice failed. (line 336, /project/src/refinement.c).
spglib: ref_get_exact_structure_and_symmetry failed. (line 82, /project/src/determination.c).
spglib: ssm_get_exact_positions failed (attempt=0). (line 115, /project/src/site_symmetry.c).
spglib: Attempt 0 tolerance = 1.000000e-02 failed(line 800, /project/src/spacegroup.c).
spglib: Attempt 1 tolerance = 9.500000e-03 failed(line 800, /project/src/spacegroup.c).
spglib: Attempt 2 tolerance = 9.025000e-03 failed(line 800, /project/src/spacegroup.c).
spglib: Attempt 3 tolerance = 8.573750e-03 failed(line 800, /project/src/spacegroup.c).
spglib: Attempt 4 tolerance = 8.145062e-03 failed(line 800, /project/src/spacegroup.c).
spglib: Attempt 5 tolerance = 7.737809e-03 failed(line 800, /project/src/spacegroup.c).
spglib: Attempt 6 tolerance = 7.350919e-03 failed(line 800, /project/src/spacegroup.c).
spglib: No point group was found (line 405, /project/src/pointgroup.c).
spglib: Attempt 0 tolerance = 1.000000e-02 failed(line 800, /project/src/spacegroup.c).
spglib: No point group was found (line 405, /project/src/pointgroup.c).
spglib: Attempt 1 tolerance = 9.500000e-03 failed(line 800, /project/src/spacegroup.c).
spglib: No point group was found (line 405, /project/src/pointgroup.c).
spglib: Attempt 2 tolerance = 9.025000e-03 failed(line 800, /project/src/spacegroup.c).
spglib: No point group was found (line 405, /project/src/pointgroup.c).
spglib: Attempt 0 tolerance = 1.000000e-02 failed(line 800, /project/src/spacegroup.c).
spglib: No point group was found (line 405, /project/src/pointgroup.c).
spglib: Attempt 1 tolerance = 9.500000e-03 failed(line 800, /project/src/spacegroup.c).
spglib: No point group was found (line 405, /project/src/pointgroup.c).
spglib: Attempt 2 tolerance = 9.025000e-03 failed(line 800, /project/src/spacegroup.c).
spglib: No point group was found (line 405, /project/src/pointgroup.c).
spglib: Attempt 3 tolerance = 8.573750e-03 failed(line 800, /project/src/spacegroup.c).
spglib: Too many lattice symmetries was found.
        Reduce angle tolerance to 4.750000
        (line 990, /project/src/symmetry.c).
spglib: Too many lattice symmetries was found.
        Reduce angle tolerance to 4.512500
        (line 990, /project/src/symmetry.c).
spglib: Too many lattice symmetries was found.
        Reduce angle tolerance to 4.286875
        (line 990, /project/src/symmetry.c).
spglib: Too many lattice symmetries was found.
        Reduce angle tolerance to 4.072531
        (line 990, /project/src/symmetry.c).
spglib: Too many lattice symmetries was found.
        Reduce angle tolerance to 3.868905
        (line 990, /project/src/symmetry.c).
spglib: No point group was found (line 405, /project/src/pointgroup.c).
spglib: Attempt 0 tolerance = 1.000000e-02 failed(line 800, /project/src/spacegroup.c).
spglib: No point group was found (line 405, /project/src/pointgroup.c).
spglib: Attempt 1 tolerance = 9.500000e-03 failed(line 800, /project/src/spacegroup.c).
spglib: No point group was found (line 405, /project/src/pointgroup.c).
spglib: Attempt 2 tolerance = 9.025000e-03 failed(line 800, /project/src/spacegroup.c).
spglib: No point group was found (line 405, /project/src/pointgroup.c).
spglib: Attempt 3 tolerance = 8.573750e-03 failed(line 800, /project/src/spacegroup.c).
spglib: No point group was found (line 405, /project/src/pointgroup.c).
spglib: Attempt 4 tolerance = 8.145062e-03 failed(line 800, /project/src/spacegroup.c).
spglib: No point group was found (line 405, /project/src/pointgroup.c).
spglib: Attempt 5 tolerance = 7.737809e-03 failed(line 800, /project/src/spacegroup.c).
spglib: No point group was found (line 405, /project/src/pointgroup.c).
spglib: Attempt 6 tolerance = 7.350919e-03 failed(line 800, /project/src/spacegroup.c).
spglib: ssm_get_exact_positions failed (attempt=0). (line 115, /project/src/site_symmetry.c).
spglib: ssm_get_exact_positions failed (attempt=1). (line 115, /project/src/site_symmetry.c).
spglib: ssm_get_exact_positions failed (attempt=2). (line 115, /project/src/site_symmetry.c).
spglib: Too many lattice symmetries was found.
        Reduce angle tolerance to 4.750000
        (line 990, /project/src/symmetry.c).
spglib: Too many lattice symmetries was found.
        Reduce angle tolerance to 4.512500
        (line 990, /project/src/symmetry.c).
spglib: Too many lattice symmetries was found.
        Reduce angle tolerance to 4.286875
        (line 990, /project/src/symmetry.c).
spglib: Too many lattice symmetries was found.
        Reduce angle tolerance to 4.072531
        (line 990, /project/src/symmetry.c).
spglib: Too many lattice symmetries was found.
        Reduce angle tolerance to 3.868905
        (line 990, /project/src/symmetry.c).
spglib: Attempt 0 tolerance = 1.000000e-02 failed(line 800, /project/src/spacegroup.c).
spglib: Attempt 1 tolerance = 9.500000e-03 failed(line 800, /project/src/spacegroup.c).
spglib: Attempt 2 tolerance = 9.025000e-03 failed(line 800, /project/src/spacegroup.c).
spglib: Too many lattice symmetries was found.
        Reduce angle tolerance to 4.750000
        (line 990, /project/src/symmetry.c).
spglib: Too many lattice symmetries was found.
        Reduce angle tolerance to 4.512500
        (line 990, /project/src/symmetry.c).
spglib: Too many lattice symmetries was found.
        Reduce angle tolerance to 4.286875
        (line 990, /project/src/symmetry.c).
spglib: Too many lattice symmetries was found.
        Reduce angle tolerance to 4.072531
        (line 990, /project/src/symmetry.c).
spglib: Too many lattice symmetries was found.
        Reduce angle tolerance to 3.868905
        (line 990, /project/src/symmetry.c).
spglib: Attempt 0 tolerance = 1.000000e-02 failed(line 800, /project/src/spacegroup.c).
spglib: Attempt 1 tolerance = 9.500000e-03 failed(line 800, /project/src/spacegroup.c).
spglib: Attempt 2 tolerance = 9.025000e-03 failed(line 800, /project/src/spacegroup.c).
spglib: Attempt 3 tolerance = 8.573750e-03 failed(line 800, /project/src/spacegroup.c).
spglib: Attempt 4 tolerance = 8.145062e-03 failed(line 800, /project/src/spacegroup.c).
spglib: Attempt 5 tolerance = 7.737809e-03 failed(line 800, /project/src/spacegroup.c).
spglib: Attempt 6 tolerance = 7.350919e-03 failed(line 800, /project/src/spacegroup.c).
spglib: No point group was found (line 405, /project/src/pointgroup.c).
spglib: Attempt 0 tolerance = 1.000000e-02 failed(line 800, /project/src/spacegroup.c).
spglib: Attempt 1 tolerance = 9.500000e-03 failed(line 800, /project/src/spacegroup.c).
spglib: Attempt 2 tolerance = 9.025000e-03 failed(line 800, /project/src/spacegroup.c).
spglib: Attempt 3 tolerance = 8.573750e-03 failed(line 800, /project/src/spacegroup.c).
spglib: Attempt 4 tolerance = 8.145062e-03 failed(line 800, /project/src/spacegroup.c).
spglib: No point group was found (line 405, /project/src/pointgroup.c).
spglib: Attempt 0 tolerance = 1.000000e-02 failed(line 800, /project/src/spacegroup.c).
spglib: Too many lattice symmetries was found.
        Reduce angle tolerance to 4.750000
        (line 990, /project/src/symmetry.c).
spglib: Too many lattice symmetries was found.
        Reduce angle tolerance to 4.512500
        (line 990, /project/src/symmetry.c).
spglib: Too many lattice symmetries was found.
        Reduce angle tolerance to 4.286875
        (line 990, /project/src/symmetry.c).
spglib: Too many lattice symmetries was found.
        Reduce angle tolerance to 4.072531
        (line 990, /project/src/symmetry.c).
spglib: Too many lattice symmetries was found.
        Reduce angle tolerance to 3.868905
        (line 990, /project/src/symmetry.c).
spglib: Too many lattice symmetries was found.
        Reduce angle tolerance to 3.675459
        (line 990, /project/src/symmetry.c).
spglib: Too many lattice symmetries was found.
        Reduce angle tolerance to 3.491686
        (line 990, /project/src/symmetry.c).
spglib: Too many lattice symmetries was found.
        Reduce angle tolerance to 3.317102
        (line 990, /project/src/symmetry.c).
spglib: Too many lattice symmetries was found.
        Reduce angle tolerance to 3.151247
        (line 990, /project/src/symmetry.c).
spglib: Too many lattice symmetries was found.
        Reduce angle tolerance to 2.993685
        (line 990, /project/src/symmetry.c).
spglib: Too many lattice symmetries was found.
        Reduce angle tolerance to 2.844000
        (line 990, /project/src/symmetry.c).
spglib: Too many lattice symmetries was found.
        Reduce angle tolerance to 2.701800
        (line 990, /project/src/symmetry.c).
spglib: Too many lattice symmetries was found.
        Reduce angle tolerance to 4.750000
        (line 990, /project/src/symmetry.c).
spglib: Too many lattice symmetries was found.
        Reduce angle tolerance to 4.512500
        (line 990, /project/src/symmetry.c).
spglib: Too many lattice symmetries was found.
        Reduce angle tolerance to 4.286875
        (line 990, /project/src/symmetry.c).
spglib: Too many lattice symmetries was found.
        Reduce angle tolerance to 4.072531
        (line 990, /project/src/symmetry.c).
spglib: No point group was found (line 405, /project/src/pointgroup.c).
spglib: Attempt 0 tolerance = 1.000000e-02 failed(line 800, /project/src/spacegroup.c).
spglib: No point group was found (line 405, /project/src/pointgroup.c).
spglib: Attempt 0 tolerance = 1.000000e-02 failed(line 800, /project/src/spacegroup.c).
spglib: No point group was found (line 405, /project/src/pointgroup.c).
spglib: Attempt 1 tolerance = 9.500000e-03 failed(line 800, /project/src/spacegroup.c).
spglib: No point group was found (line 405, /project/src/pointgroup.c).
spglib: Attempt 2 tolerance = 9.025000e-03 failed(line 800, /project/src/spacegroup.c).
spglib: Too many lattice symmetries was found.
        Reduce angle tolerance to 4.750000
        (line 990, /project/src/symmetry.c).
spglib: Too many lattice symmetries was found.
        Reduce angle tolerance to 4.512500
        (line 990, /project/src/symmetry.c).
spglib: Too many lattice symmetries was found.
        Reduce angle tolerance to 4.286875
        (line 990, /project/src/symmetry.c).
spglib: Too many lattice symmetries was found.
        Reduce angle tolerance to 4.072531
        (line 990, /project/src/symmetry.c).
spglib: Too many lattice symmetries was found.
        Reduce angle tolerance to 3.868905
        (line 990, /project/src/symmetry.c).
spglib: No point group was found (line 405, /project/src/pointgroup.c).
spglib: Attempt 0 tolerance = 1.000000e-02 failed(line 800, /project/src/spacegroup.c).
spglib: No point group was found (line 405, /project/src/pointgroup.c).
spglib: Attempt 1 tolerance = 9.500000e-03 failed(line 800, /project/src/spacegroup.c).
spglib: No point group was found (line 405, /project/src/pointgroup.c).
spglib: Attempt 2 tolerance = 9.025000e-03 failed(line 800, /project/src/spacegroup.c).
spglib: No point group was found (line 405, /project/src/pointgroup.c).
spglib: Attempt 3 tolerance = 8.573750e-03 failed(line 800, /project/src/spacegroup.c).
spglib: No point group was found (line 405, /project/src/pointgroup.c).
spglib: Attempt 4 tolerance = 8.145062e-03 failed(line 800, /project/src/spacegroup.c).
spglib: No point group was found (line 405, /project/src/pointgroup.c).
spglib: Attempt 5 tolerance = 7.737809e-03 failed(line 800, /project/src/spacegroup.c).
spglib: No point group was found (line 405, /project/src/pointgroup.c).
spglib: Attempt 6 tolerance = 7.350919e-03 failed(line 800, /project/src/spacegroup.c).
spglib: No point group was found (line 405, /project/src/pointgroup.c).
spglib: Attempt 7 tolerance = 6.983373e-03 failed(line 800, /project/src/spacegroup.c).
spglib: No point group was found (line 405, /project/src/pointgroup.c).
spglib: Attempt 8 tolerance = 6.634204e-03 failed(line 800, /project/src/spacegroup.c).
spglib: No point group was found (line 405, /project/src/pointgroup.c).
spglib: Attempt 9 tolerance = 6.302494e-03 failed(line 800, /project/src/spacegroup.c).
spglib: No point group was found (line 405, /project/src/pointgroup.c).
spglib: Attempt 10 tolerance = 5.987369e-03 failed(line 800, /project/src/spacegroup.c).
spglib: Point symmetry of primitive cell is broken. (line 723, /project/src/spacegroup.c).
spglib: Attempt 0 tolerance = 0.010000 failed. (line 156, /project/src/determination.c).
spglib: Point symmetry of primitive cell is broken. (line 723, /project/src/spacegroup.c).
spglib: Attempt 1 tolerance = 0.009500 failed. (line 156, /project/src/determination.c).
spglib: Point symmetry of primitive cell is broken. (line 723, /project/src/spacegroup.c).
spglib: Attempt 2 tolerance = 0.009025 failed. (line 156, /project/src/determination.c).
spglib: Point symmetry of primitive cell is broken. (line 723, /project/src/spacegroup.c).
spglib: Attempt 3 tolerance = 0.008574 failed. (line 156, /project/src/determination.c).
spglib: Point symmetry of primitive cell is broken. (line 723, /project/src/spacegroup.c).
spglib: Attempt 4 tolerance = 0.008145 failed. (line 156, /project/src/determination.c).
spglib: Point symmetry of primitive cell is broken. (line 723, /project/src/spacegroup.c).
spglib: Attempt 5 tolerance = 0.007738 failed. (line 156, /project/src/determination.c).
spglib: No point group was found (line 405, /project/src/pointgroup.c).
spglib: Attempt 0 tolerance = 1.000000e-02 failed(line 800, /project/src/spacegroup.c).
spglib: Point symmetry of primitive cell is broken. (line 723, /project/src/spacegroup.c).
spglib: Attempt 6 tolerance = 0.007351 failed. (line 156, /project/src/determination.c).
spglib: No point group was found (line 405, /project/src/pointgroup.c).
spglib: Attempt 1 tolerance = 9.500000e-03 failed(line 800, /project/src/spacegroup.c).
spglib: No point group was found (line 405, /project/src/pointgroup.c).
spglib: Attempt 2 tolerance = 9.025000e-03 failed(line 800, /project/src/spacegroup.c).
spglib: No point group was found (line 405, /project/src/pointgroup.c).
spglib: Attempt 3 tolerance = 8.573750e-03 failed(line 800, /project/src/spacegroup.c).
spglib: No point group was found (line 405, /project/src/pointgroup.c).
spglib: Attempt 4 tolerance = 8.145062e-03 failed(line 800, /project/src/spacegroup.c).
spglib: No point group was found (line 405, /project/src/pointgroup.c).
spglib: Attempt 5 tolerance = 7.737809e-03 failed(line 800, /project/src/spacegroup.c).
spglib: No point group was found (line 405, /project/src/pointgroup.c).
spglib: Attempt 6 tolerance = 7.350919e-03 failed(line 800, /project/src/spacegroup.c).
spglib: No point group was found (line 405, /project/src/pointgroup.c).
spglib: Attempt 7 tolerance = 6.983373e-03 failed(line 800, /project/src/spacegroup.c).
spglib: No point group was found (line 405, /project/src/pointgroup.c).
spglib: Attempt 8 tolerance = 6.634204e-03 failed(line 800, /project/src/spacegroup.c).
spglib: No point group was found (line 405, /project/src/pointgroup.c).
spglib: Attempt 9 tolerance = 6.302494e-03 failed(line 800, /project/src/spacegroup.c).
spglib: No point group was found (line 405, /project/src/pointgroup.c).
spglib: Attempt 10 tolerance = 5.987369e-03 failed(line 800, /project/src/spacegroup.c).
spglib: Too many lattice symmetries was found.
        Reduce angle tolerance to 4.750000
        (line 990, /project/src/symmetry.c).
spglib: Too many lattice symmetries was found.
        Reduce angle tolerance to 4.512500
        (line 990, /project/src/symmetry.c).
spglib: Too many lattice symmetries was found.
        Reduce angle tolerance to 4.286875
        (line 990, /project/src/symmetry.c).
spglib: Too many lattice symmetries was found.
        Reduce angle tolerance to 4.072531
        (line 990, /project/src/symmetry.c).
spglib: Too many lattice symmetries was found.
        Reduce angle tolerance to 3.868905
        (line 990, /project/src/symmetry.c).
spglib: Too many lattice symmetries was found.
        Reduce angle tolerance to 3.675459
        (line 990, /project/src/symmetry.c).
spglib: Too many lattice symmetries was found.
        Reduce angle tolerance to 3.491686
        (line 990, /project/src/symmetry.c).
spglib: Too many lattice symmetries was found.
        Reduce angle tolerance to 3.317102
        (line 990, /project/src/symmetry.c).
spglib: Too many lattice symmetries was found.
        Reduce angle tolerance to 3.151247
        (line 990, /project/src/symmetry.c).
spglib: Too many lattice symmetries was found.
        Reduce angle tolerance to 2.993685
        (line 990, /project/src/symmetry.c).
spglib: Too many lattice symmetries was found.
        Reduce angle tolerance to 2.844000
        (line 990, /project/src/symmetry.c).
spglib: Too many lattice symmetries was found.
        Reduce angle tolerance to 2.701800
        (line 990, /project/src/symmetry.c).
spglib: Too many lattice symmetries was found.
        Reduce angle tolerance to 2.566710
        (line 990, /project/src/symmetry.c).
spglib: Too many lattice symmetries was found.
        Reduce angle tolerance to 2.438375
        (line 990, /project/src/symmetry.c).
spglib: Too many lattice symmetries was found.
        Reduce angle tolerance to 2.316456
        (line 990, /project/src/symmetry.c).
spglib: Too many lattice symmetries was found.
        Reduce angle tolerance to 4.750000
        (line 990, /project/src/symmetry.c).
spglib: Too many lattice symmetries was found.
        Reduce angle tolerance to 4.512500
        (line 990, /project/src/symmetry.c).
spglib: Too many lattice symmetries was found.
        Reduce angle tolerance to 4.286875
        (line 990, /project/src/symmetry.c).
spglib: Too many lattice symmetries was found.
        Reduce angle tolerance to 4.072531
        (line 990, /project/src/symmetry.c).
spglib: Too many lattice symmetries was found.
        Reduce angle tolerance to 3.868905
        (line 990, /project/src/symmetry.c).
spglib: Too many lattice symmetries was found.
        Reduce angle tolerance to 4.750000
        (line 990, /project/src/symmetry.c).
spglib: Too many lattice symmetries was found.
        Reduce angle tolerance to 4.512500
        (line 990, /project/src/symmetry.c).
spglib: Too many lattice symmetries was found.
        Reduce angle tolerance to 4.286875
        (line 990, /project/src/symmetry.c).
spglib: Too many lattice symmetries was found.
        Reduce angle tolerance to 4.072531
        (line 990, /project/src/symmetry.c).
spglib: Too many lattice symmetries was found.
        Reduce angle tolerance to 3.868905
        (line 990, /project/src/symmetry.c).
spglib: Too many lattice symmetries was found.
        Reduce angle tolerance to 3.675459
        (line 990, /project/src/symmetry.c).
spglib: No point group was found (line 405, /project/src/pointgroup.c).
spglib: Attempt 0 tolerance = 1.000000e-02 failed(line 800, /project/src/spacegroup.c).
spglib: No point group was found (line 405, /project/src/pointgroup.c).
spglib: Attempt 1 tolerance = 9.500000e-03 failed(line 800, /project/src/spacegroup.c).
spglib: No point group was found (line 405, /project/src/pointgroup.c).
spglib: Attempt 2 tolerance = 9.025000e-03 failed(line 800, /project/src/spacegroup.c).
spglib: No point group was found (line 405, /project/src/pointgroup.c).
spglib: Attempt 3 tolerance = 8.573750e-03 failed(line 800, /project/src/spacegroup.c).
spglib: No point group was found (line 405, /project/src/pointgroup.c).
spglib: Attempt 4 tolerance = 8.145062e-03 failed(line 800, /project/src/spacegroup.c).
spglib: No point group was found (line 405, /project/src/pointgroup.c).
spglib: Attempt 5 tolerance = 7.737809e-03 failed(line 800, /project/src/spacegroup.c).
spglib: No point group was found (line 405, /project/src/pointgroup.c).
spglib: Attempt 6 tolerance = 7.350919e-03 failed(line 800, /project/src/spacegroup.c).
spglib: No point group was found (line 405, /project/src/pointgroup.c).
spglib: Attempt 7 tolerance = 6.983373e-03 failed(line 800, /project/src/spacegroup.c).
spglib: No point group was found (line 405, /project/src/pointgroup.c).
spglib: Attempt 8 tolerance = 6.634204e-03 failed(line 800, /project/src/spacegroup.c).
spglib: No point group was found (line 405, /project/src/pointgroup.c).
spglib: Attempt 9 tolerance = 6.302494e-03 failed(line 800, /project/src/spacegroup.c).
spglib: No point group was found (line 405, /project/src/pointgroup.c).
spglib: Attempt 10 tolerance = 5.987369e-03 failed(line 800, /project/src/spacegroup.c).
spglib: No point group was found (line 405, /project/src/pointgroup.c).
spglib: Attempt 11 tolerance = 5.688001e-03 failed(line 800, /project/src/spacegroup.c).
spglib: No point group was found (line 405, /project/src/pointgroup.c).
spglib: Attempt 12 tolerance = 5.403601e-03 failed(line 800, /project/src/spacegroup.c).
spglib: Too many lattice symmetries was found.
        Reduce angle tolerance to 4.750000
        (line 990, /project/src/symmetry.c).
spglib: Too many lattice symmetries was found.
        Reduce angle tolerance to 4.512500
        (line 990, /project/src/symmetry.c).
spglib: Too many lattice symmetries was found.
        Reduce angle tolerance to 4.286875
        (line 990, /project/src/symmetry.c).
spglib: Too many lattice symmetries was found.
        Reduce angle tolerance to 4.072531
        (line 990, /project/src/symmetry.c).
spglib: No point group was found (line 405, /project/src/pointgroup.c).
spglib: Attempt 0 tolerance = 1.000000e-02 failed(line 800, /project/src/spacegroup.c).
spglib: ssm_get_exact_positions failed (attempt=0). (line 115, /project/src/site_symmetry.c).
spglib: ssm_get_exact_positions failed (attempt=1). (line 115, /project/src/site_symmetry.c).
spglib: No point group was found (line 405, /project/src/pointgroup.c).
spglib: Attempt 0 tolerance = 1.000000e-02 failed(line 800, /project/src/spacegroup.c).
spglib: No point group was found (line 405, /project/src/pointgroup.c).
spglib: Attempt 1 tolerance = 9.500000e-03 failed(line 800, /project/src/spacegroup.c).
spglib: No point group was found (line 405, /project/src/pointgroup.c).
spglib: Attempt 2 tolerance = 9.025000e-03 failed(line 800, /project/src/spacegroup.c).
spglib: Too many lattice symmetries was found.
        Reduce angle tolerance to 4.750000
        (line 990, /project/src/symmetry.c).
spglib: Too many lattice symmetries was found.
        Reduce angle tolerance to 4.512500
        (line 990, /project/src/symmetry.c).
spglib: Too many lattice symmetries was found.
        Reduce angle tolerance to 4.286875
        (line 990, /project/src/symmetry.c).
spglib: Too many lattice symmetries was found.
        Reduce angle tolerance to 4.072531
        (line 990, /project/src/symmetry.c).
spglib: Too many lattice symmetries was found.
        Reduce angle tolerance to 3.868905
        (line 990, /project/src/symmetry.c).
spglib: Attempt 0 tolerance = 1.000000e-02 failed(line 800, /project/src/spacegroup.c).
spglib: Attempt 1 tolerance = 9.500000e-03 failed(line 800, /project/src/spacegroup.c).
spglib: Attempt 2 tolerance = 9.025000e-03 failed(line 800, /project/src/spacegroup.c).
spglib: Attempt 3 tolerance = 8.573750e-03 failed(line 800, /project/src/spacegroup.c).
spglib: Attempt 4 tolerance = 8.145062e-03 failed(line 800, /project/src/spacegroup.c).
spglib: Too many lattice symmetries was found.
        Reduce angle tolerance to 4.750000
        (line 990, /project/src/symmetry.c).
spglib: Too many lattice symmetries was found.
        Reduce angle tolerance to 4.512500
        (line 990, /project/src/symmetry.c).
spglib: Too many lattice symmetries was found.
        Reduce angle tolerance to 4.286875
        (line 990, /project/src/symmetry.c).
spglib: Too many lattice symmetries was found.
        Reduce angle tolerance to 4.072531
        (line 990, /project/src/symmetry.c).
spglib: Too many lattice symmetries was found.
        Reduce angle tolerance to 3.868905
        (line 990, /project/src/symmetry.c).
